(ai) prkaaviya@MacKayBook ~/Desktop/TCD/Coursework/ai/a3 (main?) $ python main.py --game tictactoe --mode tournament --num_games 100
Running tournament for Tictactoe with 100 games per matchup...
No pre-trained Q-table found or load_qtable=False. Training a new Q-learning agent...
Training Q-learning agent for TicTacToe over 5000 episodes...
Episode 0/5000, exploration rate: 0.3000
Episode 1000/5000, exploration rate: 0.0247
Episode 2000/5000, exploration rate: 0.0100
Episode 3000/5000, exploration rate: 0.0100
Episode 4000/5000, exploration rate: 0.0100
Q-table saved to results/q_table_tictactoe.pkl
Q-table size: 2075 states
Running tournament:   0%|                                                                                                                                                                                          | 0/12 [00:00<?, ?it/s]


Matchup: Default Agent vs Minimax without Alpha-Beta
Games (Default Agent vs Minimax without Alpha-Beta): 100%|██████████████████████████████████████████████████████████████████████████████████████████████████████████████████████████████████████████████| 100/100 [00:24<00:00,  4.07it/s]
Results: 100 wins, 0 losses, 0 drawsout Alpha-Beta): 100%|██████████████████████████████████████████████████████████████████████████████████████████████████████████████████████████████████████████████| 100/100 [00:24<00:00,  4.01it/s]
Win rate: 1.00
Average moves per game: 5.58
Running tournament:   8%|██████████████▊                                                                                                                                                                   | 1/12 [00:24<04:30, 24.59s/it]


Matchup: Default Agent vs Minimax with Alpha-Beta
Games (Default Agent vs Minimax with Alpha-Beta): 100%|█████████████████████████████████████████████████████████████████████████████████████████████████████████████████████████████████████████████████| 100/100 [00:01<00:00, 97.42it/s]
Results: 100 wins, 0 losses, 0 draws Alpha-Beta): 100%|█████████████████████████████████████████████████████████████████████████████████████████████████████████████████████████████████████████████████| 100/100 [00:01<00:00, 94.98it/s]
Win rate: 1.00
Average moves per game: 6.12
Running tournament:  17%|█████████████████████████████▋                                                                                                                                                    | 2/12 [00:25<01:47, 10.73s/it]


Matchup: Default Agent vs Q-Learning Agent
Games (Default Agent vs Q-Learning Agent): 100%|██████████████████████████████████████████████████████████████████████████████████████████████████████████████████████████████████████████████████████| 100/100 [00:00<00:00, 4515.10it/s]
Results: 84 wins, 2 losses, 14 drawsgent):   0%|                                                                                                                                                                  | 0/100 [00:00<?, ?it/s]
Win rate: 0.84
Average moves per game: 6.50



Matchup: Minimax without Alpha-Beta vs Default Agent
Games (Minimax without Alpha-Beta vs Default Agent): 100%|██████████████████████████████████████████████████████████████████████████████████████████████████████████████████████████████████████████████| 100/100 [03:42<00:00,  2.23s/it]
Results: 99 wins, 0 losses, 1 drawss Default Agent): 100%|██████████████████████████████████████████████████████████████████████████████████████████████████████████████████████████████████████████████| 100/100 [03:42<00:00,  2.20s/it]
Win rate: 0.99
Average moves per game: 5.24
Running tournament:  33%|███████████████████████████████████████████████████████████▎                                                                                                                      | 4/12 [04:08<09:50, 73.82s/it]


Matchup: Minimax without Alpha-Beta vs Minimax with Alpha-Beta
Games (Minimax without Alpha-Beta vs Minimax with Alpha-Beta): 100%|████████████████████████████████████████████████████████████████████████████████████████████████████████████████████████████████████| 100/100 [03:42<00:00,  2.23s/it]
Results: 100 wins, 0 losses, 0 draws Minimax with Alpha-Beta): 100%|████████████████████████████████████████████████████████████████████████████████████████████████████████████████████████████████████| 100/100 [03:42<00:00,  2.22s/it]
Win rate: 1.00
Average moves per game: 5.00
Running tournament:  42%|█████████████████████████████████████████████████████████████████████████▊                                                                                                       | 5/12 [07:51<13:59, 119.90s/it]


Matchup: Minimax without Alpha-Beta vs Q-Learning Agent
Games (Minimax without Alpha-Beta vs Q-Learning Agent): 100%|███████████████████████████████████████████████████████████████████████████████████████████████████████████████████████████████████████████| 100/100 [03:43<00:00,  2.23s/it]
Results: 100 wins, 0 losses, 0 draws Q-Learning Agent): 100%|███████████████████████████████████████████████████████████████████████████████████████████████████████████████████████████████████████████| 100/100 [03:43<00:00,  2.24s/it]
Win rate: 1.00
Average moves per game: 5.22
Running tournament:  50%|████████████████████████████████████████████████████████████████████████████████████████▌                                                                                        | 6/12 [11:34<15:09, 151.59s/it]


Matchup: Minimax with Alpha-Beta vs Default Agent
Games (Minimax with Alpha-Beta vs Default Agent): 100%|█████████████████████████████████████████████████████████████████████████████████████████████████████████████████████████████████████████████████| 100/100 [00:08<00:00, 12.50it/s]
Results: 100 wins, 0 losses, 0 drawsfault Agent): 100%|█████████████████████████████████████████████████████████████████████████████████████████████████████████████████████████████████████████████████| 100/100 [00:08<00:00, 12.71it/s]
Win rate: 1.00
Average moves per game: 5.28
Running tournament:  58%|███████████████████████████████████████████████████████████████████████████████████████████████████████▎                                                                         | 7/12 [11:42<08:59, 107.87s/it]


Matchup: Minimax with Alpha-Beta vs Minimax without Alpha-Beta
Games (Minimax with Alpha-Beta vs Minimax without Alpha-Beta): 100%|████████████████████████████████████████████████████████████████████████████████████████████████████████████████████████████████████| 100/100 [00:32<00:00,  3.08it/s]
Results: 100 wins, 0 losses, 0 drawsnimax without Alpha-Beta): 100%|████████████████████████████████████████████████████████████████████████████████████████████████████████████████████████████████████| 100/100 [00:32<00:00,  3.12it/s]
Win rate: 1.00
Average moves per game: 5.00
Running tournament:  67%|██████████████████████████████████████████████████████████████████████████████████████████████████████████████████████▋                                                           | 8/12 [12:14<05:40, 85.02s/it]


Matchup: Minimax with Alpha-Beta vs Q-Learning Agent
Games (Minimax with Alpha-Beta vs Q-Learning Agent): 100%|██████████████████████████████████████████████████████████████████████████████████████████████████████████████████████████████████████████████| 100/100 [00:08<00:00, 12.48it/s]
Results: 99 wins, 0 losses, 1 draws-Learning Agent): 100%|██████████████████████████████████████████████████████████████████████████████████████████████████████████████████████████████████████████████| 100/100 [00:08<00:00, 12.59it/s]
Win rate: 0.99
Average moves per game: 5.20
Running tournament:  75%|█████████████████████████████████████████████████████████████████████████████████████████████████████████████████████████████████████▌                                            | 9/12 [12:22<03:05, 61.75s/it]


Matchup: Q-Learning Agent vs Default Agent
Games (Q-Learning Agent vs Default Agent): 100%|██████████████████████████████████████████████████████████████████████████████████████████████████████████████████████████████████████████████████████| 100/100 [00:00<00:00, 5009.80it/s]
Results: 58 wins, 35 losses, 7 drawsgent):   0%|                                                                                                                                                                  | 0/100 [00:00<?, ?it/s]
Win rate: 0.58
Average moves per game: 6.35



Matchup: Q-Learning Agent vs Minimax without Alpha-Beta
Games (Q-Learning Agent vs Minimax without Alpha-Beta): 100%|███████████████████████████████████████████████████████████████████████████████████████████████████████████████████████████████████████████| 100/100 [00:24<00:00,  4.02it/s]
Results: 98 wins, 2 losses, 0 drawswithout Alpha-Beta): 100%|███████████████████████████████████████████████████████████████████████████████████████████████████████████████████████████████████████████| 100/100 [00:24<00:00,  3.95it/s]
Win rate: 0.98
Average moves per game: 6.10
Running tournament:  92%|██████████████████████████████████████████████████████████████████████████████████████████████████████████████████████████████████████████████████████████████████▎              | 11/12 [12:47<00:38, 38.90s/it]


Matchup: Q-Learning Agent vs Minimax with Alpha-Beta
Games (Q-Learning Agent vs Minimax with Alpha-Beta): 100%|██████████████████████████████████████████████████████████████████████████████████████████████████████████████████████████████████████████████| 100/100 [00:01<00:00, 96.52it/s]
Results: 100 wins, 0 losses, 0 drawsith Alpha-Beta):  99%|█████████████████████████████████████████████████████████████████████████████████████████████████████████████████████████████████████████████▌ | 99/100 [00:01<00:00, 92.36it/s]
Win rate: 1.00
Average moves per game: 5.94
Running tournament: 100%|█████████████████████████████████████████████████████████████████████████████████████████████████████████████████████████████████████████████████████████████████████████████████| 12/12 [12:48<00:00, 64.07s/it]

===== TOURNAMENT RESULTS =====

Overall Agent Performance:
                             wins  draws  losses win_rate  total_games
Default Agent               319.0   22.0   259.0   53.17%        600.0
Minimax without Alpha-Beta  301.0    1.0   298.0   50.17%        600.0
Minimax with Alpha-Beta     299.0    1.0   300.0   49.83%        600.0
Q-Learning Agent            258.0   22.0   320.0   43.00%        600.0

Detailed Matchup Results:

Default Agent vs Minimax without Alpha-Beta:
  Wins: 100, Losses: 0, Draws: 0
  Win Rate: 100.00%, Draw Rate: 0.00%
  Average Moves: 5.58
  Average Game Time: 0.2458s
  Player 1 Average Time: 0.0002s
  Player 2 Average Time: 0.2456s
  Player 2 Average Nodes Visited: 33081.9

Default Agent vs Minimax with Alpha-Beta:
  Wins: 100, Losses: 0, Draws: 0
  Win Rate: 100.00%, Draw Rate: 0.00%
  Average Moves: 6.12
  Average Game Time: 0.0103s
  Player 1 Average Time: 0.0002s
  Player 2 Average Time: 0.0101s
  Player 2 Average Nodes Visited: 1361.0

Default Agent vs Q-Learning Agent:
  Wins: 84, Losses: 2, Draws: 14
  Win Rate: 84.00%, Draw Rate: 14.00%
  Average Moves: 6.50
  Average Game Time: 0.0002s
  Player 1 Average Time: 0.0002s
  Player 2 Average Time: 0.0000s

Minimax without Alpha-Beta vs Default Agent:
  Wins: 99, Losses: 0, Draws: 1
  Win Rate: 99.00%, Draw Rate: 1.00%
  Average Moves: 5.24
  Average Game Time: 2.2267s
  Player 1 Average Time: 2.2265s
  Player 2 Average Time: 0.0001s
  Player 1 Average Nodes Visited: 298829.8

Minimax without Alpha-Beta vs Minimax with Alpha-Beta:
  Wins: 100, Losses: 0, Draws: 0
  Win Rate: 100.00%, Draw Rate: 0.00%
  Average Moves: 5.00
  Average Game Time: 2.2280s
  Player 1 Average Time: 2.2238s
  Player 2 Average Time: 0.0041s
  Player 1 Average Nodes Visited: 299369.0
  Player 2 Average Nodes Visited: 584.0

Minimax without Alpha-Beta vs Q-Learning Agent:
  Wins: 100, Losses: 0, Draws: 0
  Win Rate: 100.00%, Draw Rate: 0.00%
  Average Moves: 5.22
  Average Game Time: 2.2328s
  Player 1 Average Time: 2.2328s
  Player 2 Average Time: 0.0000s
  Player 1 Average Nodes Visited: 298814.0

Minimax with Alpha-Beta vs Default Agent:
  Wins: 100, Losses: 0, Draws: 0
  Win Rate: 100.00%, Draw Rate: 0.00%
  Average Moves: 5.28
  Average Game Time: 0.0800s
  Player 1 Average Time: 0.0798s
  Player 2 Average Time: 0.0001s
  Player 1 Average Nodes Visited: 11290.5

Minimax with Alpha-Beta vs Minimax without Alpha-Beta:
  Wins: 100, Losses: 0, Draws: 0
  Win Rate: 100.00%, Draw Rate: 0.00%
  Average Moves: 5.00
  Average Game Time: 0.3250s
  Player 1 Average Time: 0.0809s
  Player 2 Average Time: 0.2440s
  Player 1 Average Nodes Visited: 11447.0
  Player 2 Average Nodes Visited: 32517.0

Minimax with Alpha-Beta vs Q-Learning Agent:
  Wins: 99, Losses: 0, Draws: 1
  Win Rate: 99.00%, Draw Rate: 1.00%
  Average Moves: 5.20
  Average Game Time: 0.0801s
  Player 1 Average Time: 0.0800s
  Player 2 Average Time: 0.0000s
  Player 1 Average Nodes Visited: 11295.1

Q-Learning Agent vs Default Agent:
  Wins: 58, Losses: 35, Draws: 7
  Win Rate: 58.00%, Draw Rate: 7.00%
  Average Moves: 6.35
  Average Game Time: 0.0002s
  Player 1 Average Time: 0.0000s
  Player 2 Average Time: 0.0001s

Q-Learning Agent vs Minimax without Alpha-Beta:
  Wins: 98, Losses: 2, Draws: 0
  Win Rate: 98.00%, Draw Rate: 0.00%
  Average Moves: 6.10
  Average Game Time: 0.2485s
  Player 1 Average Time: 0.0000s
  Player 2 Average Time: 0.2484s
  Player 2 Average Nodes Visited: 33186.7

Q-Learning Agent vs Minimax with Alpha-Beta:
  Wins: 100, Losses: 0, Draws: 0
  Win Rate: 100.00%, Draw Rate: 0.00%
  Average Moves: 5.94
  Average Game Time: 0.0104s
  Player 1 Average Time: 0.0000s
  Player 2 Average Time: 0.0103s
  Player 2 Average Nodes Visited: 1423.7
2025-04-05 16:33:04.076 python[74379:18932038] +[IMKClient subclass]: chose IMKClient_Modern
2025-04-05 16:33:04.076 python[74379:18932038] +[IMKInputSession subclass]: chose IMKInputSession_Modern
Results saved to results/tictactoe_tournament_results.csv